<?xml version="1.0" encoding="UTF-8"?>
<testsuite xmlns:xsi="http://www.w3.org/2001/XMLSchema-instance" xsi:noNamespaceSchemaLocation="https://maven.apache.org/surefire/maven-surefire-plugin/xsd/surefire-test-report-3.0.xsd" version="3.0" name="net.unir.missi.RunCucumberTest" time="0.415" tests="10" errors="10" skipped="0" failures="0">
  <properties>
    <property name="java.specification.version" value="17"/>
    <property name="sun.cpu.isalist" value="amd64"/>
    <property name="sun.jnu.encoding" value="Cp1252"/>
    <property name="java.class.path" value="D:\downloadsD\repos-lola\Tema9 ejemplos con cucumber\Tema9 ejemplos con cucumber\tema9\cucumbercalculadora\target\test-classes;D:\downloadsD\repos-lola\Tema9 ejemplos con cucumber\Tema9 ejemplos con cucumber\tema9\cucumbercalculadora\target\classes;C:\Users\lolam\.m2\repository\io\cucumber\cucumber-java\7.0.0\cucumber-java-7.0.0.jar;C:\Users\lolam\.m2\repository\io\cucumber\cucumber-core\7.0.0\cucumber-core-7.0.0.jar;C:\Users\lolam\.m2\repository\io\cucumber\cucumber-gherkin\7.0.0\cucumber-gherkin-7.0.0.jar;C:\Users\lolam\.m2\repository\io\cucumber\cucumber-gherkin-messages\7.0.0\cucumber-gherkin-messages-7.0.0.jar;C:\Users\lolam\.m2\repository\io\cucumber\messages\17.1.1\messages-17.1.1.jar;C:\Users\lolam\.m2\repository\io\cucumber\tag-expressions\4.0.2\tag-expressions-4.0.2.jar;C:\Users\lolam\.m2\repository\io\cucumber\cucumber-expressions\13.0.1\cucumber-expressions-13.0.1.jar;C:\Users\lolam\.m2\repository\io\cucumber\datatable\7.0.0\datatable-7.0.0.jar;C:\Users\lolam\.m2\repository\io\cucumber\cucumber-plugin\7.0.0\cucumber-plugin-7.0.0.jar;C:\Users\lolam\.m2\repository\io\cucumber\docstring\7.0.0\docstring-7.0.0.jar;C:\Users\lolam\.m2\repository\io\cucumber\html-formatter\17.0.0\html-formatter-17.0.0.jar;C:\Users\lolam\.m2\repository\io\cucumber\create-meta\6.0.1\create-meta-6.0.1.jar;C:\Users\lolam\.m2\repository\org\apiguardian\apiguardian-api\1.1.2\apiguardian-api-1.1.2.jar;C:\Users\lolam\.m2\repository\io\cucumber\cucumber-junit-platform-engine\7.0.0\cucumber-junit-platform-engine-7.0.0.jar;C:\Users\lolam\.m2\repository\org\junit\platform\junit-platform-engine\1.8.1\junit-platform-engine-1.8.1.jar;C:\Users\lolam\.m2\repository\org\opentest4j\opentest4j\1.2.0\opentest4j-1.2.0.jar;C:\Users\lolam\.m2\repository\org\junit\platform\junit-platform-commons\1.8.1\junit-platform-commons-1.8.1.jar;C:\Users\lolam\.m2\repository\org\junit\platform\junit-platform-suite\1.8.1\junit-platform-suite-1.8.1.jar;C:\Users\lolam\.m2\repository\org\junit\platform\junit-platform-suite-api\1.8.1\junit-platform-suite-api-1.8.1.jar;C:\Users\lolam\.m2\repository\org\junit\platform\junit-platform-suite-engine\1.8.1\junit-platform-suite-engine-1.8.1.jar;C:\Users\lolam\.m2\repository\org\junit\platform\junit-platform-suite-commons\1.8.1\junit-platform-suite-commons-1.8.1.jar;C:\Users\lolam\.m2\repository\org\junit\platform\junit-platform-launcher\1.8.1\junit-platform-launcher-1.8.1.jar;C:\Users\lolam\.m2\repository\org\junit\jupiter\junit-jupiter\5.8.1\junit-jupiter-5.8.1.jar;C:\Users\lolam\.m2\repository\org\junit\jupiter\junit-jupiter-api\5.8.1\junit-jupiter-api-5.8.1.jar;C:\Users\lolam\.m2\repository\org\junit\jupiter\junit-jupiter-params\5.8.1\junit-jupiter-params-5.8.1.jar;C:\Users\lolam\.m2\repository\org\junit\jupiter\junit-jupiter-engine\5.8.1\junit-jupiter-engine-5.8.1.jar;"/>
    <property name="java.vm.vendor" value="Oracle Corporation"/>
    <property name="sun.arch.data.model" value="64"/>
    <property name="user.variant" value=""/>
    <property name="java.vendor.url" value="https://java.oracle.com/"/>
    <property name="user.timezone" value="Europe/Madrid"/>
    <property name="os.name" value="Windows 10"/>
    <property name="java.vm.specification.version" value="17"/>
    <property name="sun.java.launcher" value="SUN_STANDARD"/>
    <property name="user.country" value="ES"/>
    <property name="sun.boot.library.path" value="C:\Program Files\Java\jdk-17\bin"/>
    <property name="sun.java.command" value="C:\Users\lolam\AppData\Local\Temp\surefire13757945946953200122\surefirebooter17019884446318750317.jar C:\Users\lolam\AppData\Local\Temp\surefire13757945946953200122 2023-06-15T11-56-46_730-jvmRun1 surefire15126904542243288358tmp surefire_0943616572499570696tmp"/>
    <property name="jdk.debug" value="release"/>
    <property name="surefire.test.class.path" value="D:\downloadsD\repos-lola\Tema9 ejemplos con cucumber\Tema9 ejemplos con cucumber\tema9\cucumbercalculadora\target\test-classes;D:\downloadsD\repos-lola\Tema9 ejemplos con cucumber\Tema9 ejemplos con cucumber\tema9\cucumbercalculadora\target\classes;C:\Users\lolam\.m2\repository\io\cucumber\cucumber-java\7.0.0\cucumber-java-7.0.0.jar;C:\Users\lolam\.m2\repository\io\cucumber\cucumber-core\7.0.0\cucumber-core-7.0.0.jar;C:\Users\lolam\.m2\repository\io\cucumber\cucumber-gherkin\7.0.0\cucumber-gherkin-7.0.0.jar;C:\Users\lolam\.m2\repository\io\cucumber\cucumber-gherkin-messages\7.0.0\cucumber-gherkin-messages-7.0.0.jar;C:\Users\lolam\.m2\repository\io\cucumber\messages\17.1.1\messages-17.1.1.jar;C:\Users\lolam\.m2\repository\io\cucumber\tag-expressions\4.0.2\tag-expressions-4.0.2.jar;C:\Users\lolam\.m2\repository\io\cucumber\cucumber-expressions\13.0.1\cucumber-expressions-13.0.1.jar;C:\Users\lolam\.m2\repository\io\cucumber\datatable\7.0.0\datatable-7.0.0.jar;C:\Users\lolam\.m2\repository\io\cucumber\cucumber-plugin\7.0.0\cucumber-plugin-7.0.0.jar;C:\Users\lolam\.m2\repository\io\cucumber\docstring\7.0.0\docstring-7.0.0.jar;C:\Users\lolam\.m2\repository\io\cucumber\html-formatter\17.0.0\html-formatter-17.0.0.jar;C:\Users\lolam\.m2\repository\io\cucumber\create-meta\6.0.1\create-meta-6.0.1.jar;C:\Users\lolam\.m2\repository\org\apiguardian\apiguardian-api\1.1.2\apiguardian-api-1.1.2.jar;C:\Users\lolam\.m2\repository\io\cucumber\cucumber-junit-platform-engine\7.0.0\cucumber-junit-platform-engine-7.0.0.jar;C:\Users\lolam\.m2\repository\org\junit\platform\junit-platform-engine\1.8.1\junit-platform-engine-1.8.1.jar;C:\Users\lolam\.m2\repository\org\opentest4j\opentest4j\1.2.0\opentest4j-1.2.0.jar;C:\Users\lolam\.m2\repository\org\junit\platform\junit-platform-commons\1.8.1\junit-platform-commons-1.8.1.jar;C:\Users\lolam\.m2\repository\org\junit\platform\junit-platform-suite\1.8.1\junit-platform-suite-1.8.1.jar;C:\Users\lolam\.m2\repository\org\junit\platform\junit-platform-suite-api\1.8.1\junit-platform-suite-api-1.8.1.jar;C:\Users\lolam\.m2\repository\org\junit\platform\junit-platform-suite-engine\1.8.1\junit-platform-suite-engine-1.8.1.jar;C:\Users\lolam\.m2\repository\org\junit\platform\junit-platform-suite-commons\1.8.1\junit-platform-suite-commons-1.8.1.jar;C:\Users\lolam\.m2\repository\org\junit\platform\junit-platform-launcher\1.8.1\junit-platform-launcher-1.8.1.jar;C:\Users\lolam\.m2\repository\org\junit\jupiter\junit-jupiter\5.8.1\junit-jupiter-5.8.1.jar;C:\Users\lolam\.m2\repository\org\junit\jupiter\junit-jupiter-api\5.8.1\junit-jupiter-api-5.8.1.jar;C:\Users\lolam\.m2\repository\org\junit\jupiter\junit-jupiter-params\5.8.1\junit-jupiter-params-5.8.1.jar;C:\Users\lolam\.m2\repository\org\junit\jupiter\junit-jupiter-engine\5.8.1\junit-jupiter-engine-5.8.1.jar;"/>
    <property name="sun.cpu.endian" value="little"/>
    <property name="user.home" value="C:\Users\lolam"/>
    <property name="user.language" value="es"/>
    <property name="java.specification.vendor" value="Oracle Corporation"/>
    <property name="java.version.date" value="2023-01-17"/>
    <property name="java.home" value="C:\Program Files\Java\jdk-17"/>
    <property name="file.separator" value="\"/>
    <property name="style.color" value="always"/>
    <property name="basedir" value="D:\downloadsD\repos-lola\Tema9 ejemplos con cucumber\Tema9 ejemplos con cucumber\tema9\cucumbercalculadora"/>
    <property name="java.vm.compressedOopsMode" value="32-bit"/>
    <property name="line.separator" value="&#10;"/>
    <property name="java.vm.specification.vendor" value="Oracle Corporation"/>
    <property name="java.specification.name" value="Java Platform API Specification"/>
    <property name="surefire.real.class.path" value="C:\Users\lolam\AppData\Local\Temp\surefire13757945946953200122\surefirebooter17019884446318750317.jar"/>
    <property name="user.script" value=""/>
    <property name="sun.management.compiler" value="HotSpot 64-Bit Tiered Compilers"/>
    <property name="java.runtime.version" value="17.0.6+9-LTS-190"/>
    <property name="user.name" value="lolam"/>
    <property name="path.separator" value=";"/>
    <property name="os.version" value="10.0"/>
    <property name="java.runtime.name" value="Java(TM) SE Runtime Environment"/>
    <property name="file.encoding" value="Cp1252"/>
    <property name="java.vm.name" value="Java HotSpot(TM) 64-Bit Server VM"/>
    <property name="localRepository" value="C:\Users\lolam\.m2\repository"/>
    <property name="java.vendor.url.bug" value="https://bugreport.java.com/bugreport/"/>
    <property name="java.io.tmpdir" value="C:\Users\lolam\AppData\Local\Temp\"/>
    <property name="java.version" value="17.0.6"/>
    <property name="user.dir" value="D:\downloadsD\repos-lola\Tema9 ejemplos con cucumber\Tema9 ejemplos con cucumber\tema9\cucumbercalculadora"/>
    <property name="os.arch" value="amd64"/>
    <property name="java.vm.specification.name" value="Java Virtual Machine Specification"/>
    <property name="sun.os.patch.level" value=""/>
    <property name="native.encoding" value="Cp1252"/>
    <property name="java.library.path" value="C:\Program Files\Java\jdk-17\bin;C:\WINDOWS\Sun\Java\bin;C:\WINDOWS\system32;C:\WINDOWS;C:\Python311\Scripts\;C:\Python311\;C:\Python39\Scripts\;C:\Python39\;C:\Program Files\Common Files\Oracle\Java\javapath;C:\Program Files (x86)\Common Files\Oracle\Java\javapath;C:\Program Files (x86)\Intel\iCLS Client\;C:\Program Files\Intel\iCLS Client\;C:\Windows\system32;C:\Windows;C:\Windows\System32\Wbem;C:\Windows\System32\WindowsPowerShell\v1.0\;C:\Program Files\Intel\WiFi\bin\;C:\Program Files\Common Files\Intel\WirelessCommon\;C:\Program Files (x86)\NVIDIA Corporation\PhysX\Common;C:\Program Files (x86)\Intel\Intel(R) Management Engine Components\DAL;C:\Program Files\Intel\Intel(R) Management Engine Components\DAL;C:\Program Files (x86)\Intel\Intel(R) Management Engine Components\IPT;C:\Program Files\Intel\Intel(R) Management Engine Components\IPT;C:\WINDOWS\system32;C:\WINDOWS;C:\WINDOWS\System32\Wbem;C:\WINDOWS\System32\WindowsPowerShell\v1.0\;C:\WINDOWS\System32\OpenSSH\;D:\twin cat\Common32;D:\twin cat\Common64;D:\bin;C:\ProgramData\chocolatey\bin;C:\Program Files\dotnet\;D:\Git\cmd;D:\downloadsD\apache-maven-3.9.1-bin\apache-maven-3.9.1\bin;C:\Program Files\Java\jdk-17;C:\Program Files\nodejs\;C:\Program Files\Docker\Docker\resources\bin;C:\Program Files\MySQL\MySQL Shell 8.0\bin\;&quot;C:\Users\lolam\Program Files\Java\jdk-16;&quot;;C:\Users\lolam\.dotnet\tools;D:\Microsoft VS Code\bin;C:\cygwin64;C:\cygwin64\bin\gcc.exe;C:\cygwin64\bin\g++.exe;C:\cygwin64\bin\gdb.exe;C:\Users\lolam\AppData\Roaming\npm;."/>
    <property name="java.vm.info" value="mixed mode, sharing"/>
    <property name="java.vendor" value="Oracle Corporation"/>
    <property name="java.vm.version" value="17.0.6+9-LTS-190"/>
    <property name="sun.io.unicode.encoding" value="UnicodeLittle"/>
    <property name="java.class.version" value="61.0"/>
  </properties>
  <testcase name="Example #1" classname="Examples" time="0.1">
    <error type="io.cucumber.core.runner.DuplicateStepDefinitionException"><![CDATA[io.cucumber.core.runner.DuplicateStepDefinitionException: Duplicate step definitions in net.unir.missi.DivisionStepsDefinition.compruebo_que_el_resultado_es_la_excepción_de_con_mensaje(java.lang.String,java.lang.String) and net.unir.missi.MultiplicacionStepDefinition.compruebo_que_el_resultado_de_la_multiplicacion_es(java.lang.String,java.lang.String)
]]></error>
  </testcase>
  <testcase name="Example #1" classname="Examples" time="0.006">
    <error type="io.cucumber.core.runner.DuplicateStepDefinitionException"><![CDATA[io.cucumber.core.runner.DuplicateStepDefinitionException: Duplicate step definitions in net.unir.missi.DivisionStepsDefinition.compruebo_que_el_resultado_es_la_excepción_de_con_mensaje(java.lang.String,java.lang.String) and net.unir.missi.MultiplicacionStepDefinition.compruebo_que_el_resultado_de_la_multiplicacion_es(java.lang.String,java.lang.String)
]]></error>
  </testcase>
  <testcase name="Example #1" classname="Examples" time="0.007">
    <error type="io.cucumber.core.runner.DuplicateStepDefinitionException"><![CDATA[io.cucumber.core.runner.DuplicateStepDefinitionException: Duplicate step definitions in net.unir.missi.DivisionStepsDefinition.compruebo_que_el_resultado_es_la_excepción_de_con_mensaje(java.lang.String,java.lang.String) and net.unir.missi.MultiplicacionStepDefinition.compruebo_que_el_resultado_de_la_multiplicacion_es(java.lang.String,java.lang.String)
]]></error>
  </testcase>
  <testcase name="Example #1" classname="Examples" time="0.006">
    <error type="io.cucumber.core.runner.DuplicateStepDefinitionException"><![CDATA[io.cucumber.core.runner.DuplicateStepDefinitionException: Duplicate step definitions in net.unir.missi.DivisionStepsDefinition.compruebo_que_el_resultado_es_la_excepción_de_con_mensaje(java.lang.String,java.lang.String) and net.unir.missi.MultiplicacionStepDefinition.compruebo_que_el_resultado_de_la_multiplicacion_es(java.lang.String,java.lang.String)
]]></error>
  </testcase>
  <testcase name="Example #2" classname="Examples" time="0.007">
    <error type="io.cucumber.core.runner.DuplicateStepDefinitionException"><![CDATA[io.cucumber.core.runner.DuplicateStepDefinitionException: Duplicate step definitions in net.unir.missi.DivisionStepsDefinition.compruebo_que_el_resultado_es_la_excepción_de_con_mensaje(java.lang.String,java.lang.String) and net.unir.missi.MultiplicacionStepDefinition.compruebo_que_el_resultado_de_la_multiplicacion_es(java.lang.String,java.lang.String)
]]></error>
  </testcase>
  <testcase name="Example #2" classname="Examples" time="0.012">
    <error type="io.cucumber.core.runner.DuplicateStepDefinitionException"><![CDATA[io.cucumber.core.runner.DuplicateStepDefinitionException: Duplicate step definitions in net.unir.missi.DivisionStepsDefinition.compruebo_que_el_resultado_es_la_excepción_de_con_mensaje(java.lang.String,java.lang.String) and net.unir.missi.MultiplicacionStepDefinition.compruebo_que_el_resultado_de_la_multiplicacion_es(java.lang.String,java.lang.String)
]]></error>
  </testcase>
  <testcase name="Example #2" classname="Examples" time="0.005">
    <error type="io.cucumber.core.runner.DuplicateStepDefinitionException"><![CDATA[io.cucumber.core.runner.DuplicateStepDefinitionException: Duplicate step definitions in net.unir.missi.DivisionStepsDefinition.compruebo_que_el_resultado_es_la_excepción_de_con_mensaje(java.lang.String,java.lang.String) and net.unir.missi.MultiplicacionStepDefinition.compruebo_que_el_resultado_de_la_multiplicacion_es(java.lang.String,java.lang.String)
]]></error>
  </testcase>
  <testcase name="Example #3" classname="Examples" time="0.004">
    <error type="io.cucumber.core.runner.DuplicateStepDefinitionException"><![CDATA[io.cucumber.core.runner.DuplicateStepDefinitionException: Duplicate step definitions in net.unir.missi.DivisionStepsDefinition.compruebo_que_el_resultado_es_la_excepción_de_con_mensaje(java.lang.String,java.lang.String) and net.unir.missi.MultiplicacionStepDefinition.compruebo_que_el_resultado_de_la_multiplicacion_es(java.lang.String,java.lang.String)
]]></error>
  </testcase>
  <testcase name="Example #3" classname="Examples" time="0.025">
    <error type="io.cucumber.core.runner.DuplicateStepDefinitionException"><![CDATA[io.cucumber.core.runner.DuplicateStepDefinitionException: Duplicate step definitions in net.unir.missi.DivisionStepsDefinition.compruebo_que_el_resultado_es_la_excepción_de_con_mensaje(java.lang.String,java.lang.String) and net.unir.missi.MultiplicacionStepDefinition.compruebo_que_el_resultado_de_la_multiplicacion_es(java.lang.String,java.lang.String)
]]></error>
  </testcase>
  <testcase name="Example #3" classname="Examples" time="0.005">
    <error type="io.cucumber.core.runner.DuplicateStepDefinitionException"><![CDATA[io.cucumber.core.runner.DuplicateStepDefinitionException: Duplicate step definitions in net.unir.missi.DivisionStepsDefinition.compruebo_que_el_resultado_es_la_excepción_de_con_mensaje(java.lang.String,java.lang.String) and net.unir.missi.MultiplicacionStepDefinition.compruebo_que_el_resultado_de_la_multiplicacion_es(java.lang.String,java.lang.String)
]]></error>
  </testcase>
</testsuite>